make all --print-data-base --no-builtin-variables --no-builtin-rules --question
# GNU Make 3.81
# Copyright (C) 2006  Free Software Foundation, Inc.
# This is free software; see the source for copying conditions.
# There is NO warranty; not even for MERCHANTABILITY or FITNESS FOR A
# PARTICULAR PURPOSE.

# This program built for i386-apple-darwin11.3.0
 
make: *** No rule to make target `all'.  Stop.


# Make data base, printed on Sun Apr 23 23:23:58 2023

# Variables

# automatic
<D = $(patsubst %/,%,$(dir $<))
# automatic
?F = $(notdir $?)
# environment
VSCODE_CRASH_REPORTER_PROCESS_TYPE = extensionHost
# automatic
?D = $(patsubst %/,%,$(dir $?))
# automatic
@D = $(patsubst %/,%,$(dir $@))
# automatic
@F = $(notdir $@)
# makefile (from `makefile', line 7)
ARPACK = -I/usr/local/include -L /opt/homebrew/lib/ -larpack
# makefile
CURDIR := /Users/angelagraf/Desktop/Collisions/AtomIon1D
# makefile
SHELL = /bin/sh
# environment
VSCODE_NLS_CONFIG = {"locale":"en-us","osLocale":"en-us","availableLanguages":{},"_languagePackSupport":true}
# environment
_ = /usr/bin/make
# makefile (from `makefile', line 1)
MAKEFILE_LIST :=  makefile
# makefile (from `makefile', line 3)
DEBUG = -fcheck=all
# makefile (from `makefile', line 1)
CMP = gfortran
# environment
__CFBundleIdentifier = com.microsoft.VSCode
# environment
VSCODE_CWD = /
# environment
PATH = /usr/local/bin:/usr/local/sbin:/usr/local/bin:/usr/bin:/bin:/usr/sbin:/sbin:/Library/Frameworks/Mono.framework/Versions/Current/Commands:/usr/local/grace/bin:/usr/local/grace/bin
# makefile (from `makefile', line 4)
FORCEDP = 
# environment
ELECTRON_RUN_AS_NODE = 1
# default
.FEATURES := target-specific order-only second-expansion else-if archives jobserver check-symlink
# environment
SSH_AUTH_SOCK = /private/tmp/com.apple.launchd.hSALesHyOr/Listeners
# automatic
%F = $(notdir $%)
# environment
DISPLAY = /private/tmp/com.apple.launchd.SNujOnCehH/org.xquartz:0
# makefile (from `makefile', line 8)
OBJS = besselnew.o Bsplines.o Quadrature.o AtomIon1D.o
# environment
PWD = /Users/angelagraf/Desktop/Collisions/AtomIon1D
# environment
ORIGINAL_XDG_CURRENT_DESKTOP = undefined
# environment
VSCODE_AMD_ENTRYPOINT = vs/workbench/api/node/extensionHostProcess
# environment
HOME = /Users/angelagraf
# default
MAKEFILEPATH = $(shell /usr/bin/xcode-select -print-path 2>/dev/null || echo /Developer)/Makefiles
# environment
VSCODE_CODE_CACHE_PATH = /Users/angelagraf/Library/Application Support/Code/CachedData/7f329fe6c66b0f86ae1574c2911b681ad5a45d63
# environment
LOGNAME = angelagraf
# environment
APPLICATION_INSIGHTS_NO_DIAGNOSTIC_CHANNEL = 1
# environment
VSCODE_HANDLES_UNCAUGHT_ERRORS = true
# automatic
^D = $(patsubst %/,%,$(dir $^))
# environment
XPC_FLAGS = 0x0
# default
MAKE = $(MAKE_COMMAND)
# default
MAKECMDGOALS := all
# environment
SHLVL = 1
# default
MAKE_VERSION := 3.81
# environment
USER = angelagraf
# makefile
.DEFAULT_GOAL := AtomIon1D.x
# makefile (from `makefile', line 5)
INCLUDE = -I/opt/homebrew/include/
# automatic
%D = $(patsubst %/,%,$(dir $%))
# default
MAKE_COMMAND := /Library/Developer/CommandLineTools/usr/bin/make
# default
.VARIABLES := 
# environment
TMPDIR = /var/folders/j7/4krzq16j3x9c9wq5jy2yjfzr0000gn/T/
# automatic
*F = $(notdir $*)
# environment
VSCODE_IPC_HOOK = /Users/angelagraf/Library/Application Support/Code/1.77-main.sock
# environment
MallocNanoZone = 0
# makefile
MAKEFLAGS = Rrqp
# environment
MFLAGS = -Rrqp
# automatic
*D = $(patsubst %/,%,$(dir $*))
# environment
XPC_SERVICE_NAME = application.com.microsoft.VSCode.6348235.6349879
# automatic
+D = $(patsubst %/,%,$(dir $+))
# automatic
+F = $(notdir $+)
# environment
__CF_USER_TEXT_ENCODING = 0x1F5:0x0:0x0
# environment
COMMAND_MODE = unix2003
# default
MAKEFILES := 
# automatic
<F = $(notdir $<)
# environment
LC_ALL = C
# automatic
^F = $(notdir $^)
# default
SUFFIXES := 
# default
.INCLUDE_DIRS = /usr/local/include
# environment
MAKELEVEL := 0
# makefile (from `makefile', line 6)
LAPACK = -framework accelerate
# environment
LANG = C
# environment
VSCODE_PID = 47968
# makefile (from `makefile', line 2)
CMPFLAGS = -ffixed-line-length-132 -O3
# variable set hash-table stats:
# Load=68/1024=7%, Rehash=0, Collisions=6/93=6%

# Pattern-specific Variable Values

# No pattern-specific variable values.

# Directories

# . (device 16777220, inode 7658532): 37 files, no impossibilities.

# 37 files, no impossibilities in 1 directories.

# Implicit Rules

# No implicit rules.

# Files

# Not a target:
Quadrature.f90:
#  Implicit rule search has not been done.
#  Modification time never checked.
#  File has not been updated.

modules_qd.o: modules_qd.f90
#  Implicit rule search has not been done.
#  Modification time never checked.
#  File has not been updated.
#  commands to execute (from `makefile', line 27):
	${CMP} ${FORCEDP} -c modules_qd.f90
	

# Not a target:
all:
#  Command-line target.
#  Implicit rule search has been done.
#  File does not exist.
#  File has not been updated.
# variable set hash-table stats:
# Load=0/32=0%, Rehash=0, Collisions=0/0=0%

AtomIon1D.x: besselnew.o Bsplines.o Quadrature.o AtomIon1D.o
#  Implicit rule search has not been done.
#  Modification time never checked.
#  File has not been updated.
#  commands to execute (from `makefile', line 12):
	${CMP} ${DEBUG} ${OBJS} ${INCLUDE} ${ARPACK} ${LAPACK}  ${CMPFLAGS} ${FORCEDP} -o AtomIon1D.x
	

Quadrature.o: Quadrature.f90
#  Implicit rule search has not been done.
#  Modification time never checked.
#  File has not been updated.
#  commands to execute (from `makefile', line 36):
	${CMP} ${FORCEDP} -c Quadrature.f90
	

# Not a target:
.SUFFIXES:
#  Implicit rule search has not been done.
#  Modification time never checked.
#  File has not been updated.

# Not a target:
makefile:
#  Implicit rule search has been done.
#  Last modified 2023-04-23 23:07:54
#  File has been updated.
#  Successfully updated.
# variable set hash-table stats:
# Load=0/32=0%, Rehash=0, Collisions=0/0=0%

# Not a target:
besselnew.f:
#  Implicit rule search has not been done.
#  Modification time never checked.
#  File has not been updated.

# Not a target:
AtomIon1D.f:
#  Implicit rule search has not been done.
#  Modification time never checked.
#  File has not been updated.

besselnew.o: besselnew.f
#  Implicit rule search has not been done.
#  Modification time never checked.
#  File has not been updated.
#  commands to execute (from `makefile', line 30):
	${CMP} ${DEBUG} ${FORCEDP} ${CMPFLAGS} -c besselnew.f
	

# Not a target:
.DEFAULT:
#  Implicit rule search has not been done.
#  Modification time never checked.
#  File has not been updated.

AtomIon1D.o: AtomIon1D.f
#  Implicit rule search has not been done.
#  Modification time never checked.
#  File has not been updated.
#  commands to execute (from `makefile', line 15):
	${CMP} ${DEBUG} ${FORCEDP} ${CMPFLAGS} -c AtomIon1D.f
	

nrtype.mod: modules_qd.o
#  Implicit rule search has not been done.
#  Modification time never checked.
#  File has not been updated.
#  commands to execute (from `makefile', line 24):
	${CMP} ${FORCEDP} modules_qd.o
	

clean:
#  Implicit rule search has not been done.
#  Modification time never checked.
#  File has not been updated.
#  commands to execute (from `makefile', line 39):
	rm -f *.mod *.o *.x
	

# Not a target:
Bsplines.f:
#  Implicit rule search has not been done.
#  Modification time never checked.
#  File has not been updated.

Quadrature.mod: Quadrature.o
#  Implicit rule search has not been done.
#  Modification time never checked.
#  File has not been updated.
#  commands to execute (from `makefile', line 33):
	${CMP} ${FORCEDP} Quadrature.o
	

# Not a target:
modules_qd.f90:
#  Implicit rule search has not been done.
#  Modification time never checked.
#  File has not been updated.

Bsplines.o: Bsplines.f
#  Implicit rule search has not been done.
#  Modification time never checked.
#  File has not been updated.
#  commands to execute (from `makefile', line 21):
	${CMP} ${FORCEDP} ${CMPFLAGS} -c Bsplines.f
	

# files hash-table stats:
# Load=18/1024=2%, Rehash=0, Collisions=0/41=0%
# VPATH Search Paths

# No `vpath' search paths.

# No general (`VPATH' variable) search path.

# # of strings in strcache: 1
# # of strcache buffers: 1
# strcache size: total = 4096 / max = 4096 / min = 4096 / avg = 4096
# strcache free: total = 4087 / max = 4087 / min = 4087 / avg = 4087

# Finished Make data base on Sun Apr 23 23:23:58 2023

 
